ðŸš€  Ð—Ð±Ð¸Ñ€Ð°ÑŽ debug APK...

[Incubating] Problems report is available at: file:///home/romankozak/studio/public/forwardapp-suit/forwardapp-android/build/reports/problems/problems-report.html

FAILURE: Build failed with an exception.

* What went wrong:
Could not determine the dependencies of task ':app:kspDebugKotlin'.
> Could not resolve all dependencies for configuration ':app:kspDebugKotlinProcessorClasspath'.
   > Could not resolve project :shared.
     Required by:
         project :app
      > Cannot choose between the available variants of project :shared:
          - debugRuntimeElements
          - releaseRuntimeElements
        All of them match the consumer attributes:
          - Variant 'debugRuntimeElements' capability 'ForwardAppMobile:shared:unspecified':
              - Unmatched attributes:
                  - Provides com.android.build.api.attributes.AgpVersionAttr '8.13.0' but the consumer didn't ask for it
                  - Provides com.android.build.api.attributes.BuildTypeAttr 'debug' but the consumer didn't ask for it
                  - Provides com.android.build.gradle.internal.attributes.VariantAttr 'debug' but the consumer didn't ask for it
                  - Provides org.gradle.category 'library' but the consumer didn't ask for it
                  - Provides org.gradle.jvm.environment 'android' but the consumer didn't ask for it
                  - Provides org.gradle.usage 'java-runtime' but the consumer didn't ask for it
                  - Provides org.jetbrains.kotlin.platform.type 'androidJvm' but the consumer didn't ask for it
          - Variant 'releaseRuntimeElements' capability 'ForwardAppMobile:shared:unspecified':
              - Unmatched attributes:
                  - Provides com.android.build.api.attributes.AgpVersionAttr '8.13.0' but the consumer didn't ask for it
                  - Provides com.android.build.api.attributes.BuildTypeAttr 'release' but the consumer didn't ask for it
                  - Provides com.android.build.gradle.internal.attributes.VariantAttr 'release' but the consumer didn't ask for it
                  - Provides org.gradle.category 'library' but the consumer didn't ask for it
                  - Provides org.gradle.jvm.environment 'android' but the consumer didn't ask for it
                  - Provides org.gradle.usage 'java-runtime' but the consumer didn't ask for it
                  - Provides org.jetbrains.kotlin.platform.type 'androidJvm' but the consumer didn't ask for it

* Try:
> Ambiguity errors are explained in more detail at https://docs.gradle.org/8.13/userguide/variant_model.html#sub:variant-ambiguity.
> Review the variant matching algorithm at https://docs.gradle.org/8.13/userguide/variant_attributes.html#sec:abm_algorithm.
> Run with --stacktrace option to get the stack trace.
> Run with --info or --debug option to get more log output.
> Run with --scan to get full insights.
> Get more help at https://help.gradle.org.

BUILD FAILED in 2s
make: *** [Makefile:77: debug] Error 1
